<?xml version="1.0" encoding="UTF-8"?>
<!-- Generated by org.testng.reporters.JUnitReportReporter -->
<testsuite skipped="0" hostname="HARDIKs-MacBook-Pro.local" name="test.FindReservationTest" tests="1" failures="0" timestamp="26 Apr 2021 17:24:19 GMT" time="7.218" errors="0">
  <testcase name="userShouldBeAbleToFindReservation" time="7.218" classname="test.FindReservationTest"/>
</testsuite> <!-- test.FindReservationTest -->
